<?xml version="1.0" encoding="UTF-8"?>
<testng-results skipped="0" failed="0" ignored="0" total="1" passed="1">
  <reporter-output>
    <line>
      <![CDATA[Test is in Base Class- setting up the data]]>
    </line>
    <line>
      <![CDATA[Test is in Base Class- Done with data setup]]>
    </line>
    <line>
      <![CDATA[Test is in Base Class- driver setup started]]>
    </line>
    <line>
      <![CDATA[Test is in Base Class- driver setup completed]]>
    </line>
    <line>
      <![CDATA[Test is in Base Class- tearDown Method started]]>
    </line>
    <line>
      <![CDATA[Test is in Base Class- tearDown Method completed]]>
    </line>
  </reporter-output>
  <suite name="Suite" duration-ms="18605" started-at="2021-04-15T21:20:48 PDT" finished-at="2021-04-15T21:21:06 PDT">
    <groups>
    </groups>
    <test name="Test" duration-ms="18605" started-at="2021-04-15T21:20:48 PDT" finished-at="2021-04-15T21:21:06 PDT">
      <class name="TestCases.LoginTest">
        <test-method status="PASS" signature="setupData()[pri:0, instance:TestCases.LoginTest@a74868d]" name="setupData" is-config="true" duration-ms="653" started-at="2021-04-15T21:20:47 PDT" finished-at="2021-04-15T21:20:48 PDT">
          <reporter-output>
            <line>
              <![CDATA[Test is in Base Class- setting up the data]]>
            </line>
            <line>
              <![CDATA[Test is in Base Class- Done with data setup]]>
            </line>
          </reporter-output>
        </test-method> <!-- setupData -->
        <test-method status="PASS" signature="setUp()[pri:0, instance:TestCases.LoginTest@a74868d]" name="setUp" is-config="true" duration-ms="9729" started-at="2021-04-15T21:20:48 PDT" finished-at="2021-04-15T21:20:58 PDT">
          <reporter-output>
            <line>
              <![CDATA[Test is in Base Class- driver setup started]]>
            </line>
            <line>
              <![CDATA[Test is in Base Class- driver setup completed]]>
            </line>
          </reporter-output>
        </test-method> <!-- setUp -->
        <test-method status="PASS" signature="loginApp()[pri:0, instance:TestCases.LoginTest@a74868d]" name="loginApp" duration-ms="6789" started-at="2021-04-15T21:20:58 PDT" finished-at="2021-04-15T21:21:04 PDT">
          <reporter-output>
          </reporter-output>
        </test-method> <!-- loginApp -->
        <test-method status="PASS" signature="tearDownMethod(org.testng.ITestResult)[pri:0, instance:TestCases.LoginTest@a74868d]" name="tearDownMethod" is-config="true" duration-ms="1332" started-at="2021-04-15T21:21:04 PDT" finished-at="2021-04-15T21:21:06 PDT">
          <params>
            <param index="0">
              <value>
                <![CDATA[[TestResult name=loginApp status=SUCCESS method=LoginTest.loginApp()[pri:0, instance:TestCases.LoginTest@a74868d] output={null}]]]>
              </value>
            </param>
          </params>
          <reporter-output>
            <line>
              <![CDATA[Test is in Base Class- tearDown Method started]]>
            </line>
            <line>
              <![CDATA[Test is in Base Class- tearDown Method completed]]>
            </line>
          </reporter-output>
        </test-method> <!-- tearDownMethod -->
        <test-method status="PASS" signature="tearDown()[pri:0, instance:TestCases.LoginTest@a74868d]" name="tearDown" is-config="true" duration-ms="724" started-at="2021-04-15T21:21:06 PDT" finished-at="2021-04-15T21:21:06 PDT">
          <reporter-output>
          </reporter-output>
        </test-method> <!-- tearDown -->
      </class> <!-- TestCases.LoginTest -->
    </test> <!-- Test -->
  </suite> <!-- Suite -->
</testng-results>
